Using pre-set license

 COMMAND LINE ARGUMENTS:
/Applications/Unity/2020.3.12f1/Unity.app/Contents/MacOS/Unity
-adb2
-batchMode
-noUpm
-name
AssetImportWorker0
-projectPath
/Users/atadjiki/Documents/GitHub/Dealer/Dealer/Dealer
-logFile
Logs/AssetImportWorker0.log
-srvPort
57714
Successfully changed project path to: /Users/atadjiki/Documents/GitHub/Dealer/Dealer/Dealer
/Users/atadjiki/Documents/GitHub/Dealer/Dealer/Dealer
Using Asset Import Pipeline V2.
Refreshing native plugins compatible for Editor in 141.23 ms, found 2 plugins.
Preloading 0 native plugins for Editor in 0.00 ms.
Initialize engine version: 2020.3.12f1 (b3b2c6512326)
[Subsystems] Discovering subsystems at path /Applications/Unity/2020.3.12f1/Unity.app/Contents/Resources/UnitySubsystems
[Subsystems] Discovering subsystems at path /Users/atadjiki/Documents/GitHub/Dealer/Dealer/Dealer/Assets
GfxDevice: creating device client; threaded=0
2021-09-09 22:12:07.644 Unity[28594:3911606] Color LCD preferred device: Intel(R) Iris(TM) Graphics 6000 (low power)
2021-09-09 22:12:07.645 Unity[28594:3911606] Metal devices available: 1
2021-09-09 22:12:07.645 Unity[28594:3911606] 0: Intel(R) Iris(TM) Graphics 6000 (low power)
2021-09-09 22:12:07.645 Unity[28594:3911606] Using device Intel(R) Iris(TM) Graphics 6000 (low power)
Initializing Metal device caps: Intel(R) Iris(TM) Graphics 6000
Shader 'Universal Render Pipeline/Particles/Lit': fallback shader 'Universal Render Pipeline/Particles/SimpleLit' not found
Initialize mono
Mono path[0] = '/Applications/Unity/2020.3.12f1/Unity.app/Contents/Managed'
Mono path[1] = '/Applications/Unity/2020.3.12f1/Unity.app/Contents/MonoBleedingEdge/lib/mono/unityjit'
Mono config path = '/Applications/Unity/2020.3.12f1/Unity.app/Contents/MonoBleedingEdge/etc'
Using monoOptions --debugger-agent=transport=dt_socket,embedding=1,server=y,suspend=n,address=127.0.0.1:56594
Begin MonoManager ReloadAssembly
Registering precompiled unity dll's ...
Register platform support module: /Applications/Unity/2020.3.12f1/Unity.app/Contents/PlaybackEngines/MacStandaloneSupport/UnityEditor.OSXStandalone.Extensions.dll
Registered in 0.000687 seconds.
Native extension for OSXStandalone target not found
Refreshing native plugins compatible for Editor in 92.36 ms, found 2 plugins.
Preloading 0 native plugins for Editor in 0.00 ms.
Mono: successfully reloaded assembly
- Completed reload, in  3.302 seconds
Platform modules already initialized, skipping
Registering precompiled user dll's ...
Registered in 0.003654 seconds.
Begin MonoManager ReloadAssembly
Native extension for OSXStandalone target not found
Refreshing native plugins compatible for Editor in 113.49 ms, found 2 plugins.
Preloading 0 native plugins for Editor in 0.00 ms.
Mono: successfully reloaded assembly
- Completed reload, in  2.650 seconds
Platform modules already initialized, skipping
========================================================================
Worker process is ready to serve import requests
Shader 'Universal Render Pipeline/Particles/Lit': fallback shader 'Universal Render Pipeline/Particles/SimpleLit' not found
Launching external process: /Applications/Unity/2020.3.12f1/Unity.app/Contents/Tools/UnityShaderCompiler
Launched and connected shader compiler UnityShaderCompiler after 0.02 seconds
Refreshing native plugins compatible for Editor in 0.88 ms, found 2 plugins.
Preloading 0 native plugins for Editor in 0.00 ms.
Unloading 3701 Unused Serialized files (Serialized files now loaded: 0)
System memory in use before: 254.4 MB.
System memory in use after: 254.5 MB.

Unloading 28 unused Assets to reduce memory usage. Loaded Objects now: 4132.
Total: 4.342808 ms (FindLiveObjects: 0.560991 ms CreateObjectMapping: 0.395513 ms MarkObjects: 3.218120 ms  DeleteObjects: 0.166619 ms)

AssetImportParameters requested are different than current active one (requested -> active):
  custom:video-decoder-ogg-theora: a1e56fd34408186e4bbccfd4996cb3dc -> 
  custom:container-muxer-webm: aa71ff27fc2769a1b78a27578f13a17b -> 
  custom:container-demuxer-webm: 4f35f7cbe854078d1ac9338744f61a02 -> 
  custom:container-demuxer-ogg: 62fdf1f143b41e24485cea50d1cbac27 -> 
  custom:video-encoder-webm-vp8: eb34c28f22e8b96e1ab97ce403110664 -> 
  custom:framework-osx-AVFoundation: b23960f63f64bdc6ff669e2cdcee2391 -> 
  custom:video-decoder-webm-vp8: 9c59270c3fd7afecdb556c50c9e8de78 -> 
  custom:audio-decoder-ogg-vorbis: bf7c407c2cedff20999df2af8eb42d56 -> 
  custom:audio-encoder-webm-vorbis: bf7c407c2cedff20999df2af8eb42d56 -> 
========================================================================
Received Import Request.
  path: Assets/Taxi Driver Soundtrack 02 Thank God For The Rain.ogg
  artifactKey: Guid(0c342e19460719e45adb18b0988e62d2) Importer(815301076,1909f56bfc062723c751e8b465ee728b)
Start importing Assets/Taxi Driver Soundtrack 02 Thank God For The Rain.ogg using Guid(0c342e19460719e45adb18b0988e62d2) Importer(815301076,1909f56bfc062723c751e8b465ee728b)  -> (artifact id: '256c874f91ed5de90dc3fb63e0bb1198') in 0.700294 seconds 
  Import took 0.708740 seconds .

========================================================================
Received Import Request.
  Time since last request: 88.668771 seconds.
  path: Assets/AstarPathfindingProject
  artifactKey: Guid(ea5ba3b6a2c3fa244a3ec48de620652e) Importer(815301076,1909f56bfc062723c751e8b465ee728b)
Start importing Assets/AstarPathfindingProject using Guid(ea5ba3b6a2c3fa244a3ec48de620652e) Importer(815301076,1909f56bfc062723c751e8b465ee728b)  -> (artifact id: '41034d4e943d68085518ec2c7e418cd7') in 0.003786 seconds 
  Import took 0.011857 seconds .

========================================================================
Received Import Request.
  Time since last request: 0.016851 seconds.
  path: Assets/AstarPathfindingProject
  artifactKey: Guid(ea5ba3b6a2c3fa244a3ec48de620652e) Importer(815301076,1909f56bfc062723c751e8b465ee728b)
Start importing Assets/AstarPathfindingProject using Guid(ea5ba3b6a2c3fa244a3ec48de620652e) Importer(815301076,1909f56bfc062723c751e8b465ee728b)  -> (artifact id: '41034d4e943d68085518ec2c7e418cd7') in 0.002172 seconds 
  Import took 0.016945 seconds .

========================================================================
Received Import Request.
  Time since last request: 0.061340 seconds.
  path: Assets/AstarPathfindingProject/AstarPathfindingProject.asmdef
  artifactKey: Guid(efa45043feb7e4147a305b73b5cea642) Importer(815301076,1909f56bfc062723c751e8b465ee728b)
Start importing Assets/AstarPathfindingProject/AstarPathfindingProject.asmdef using Guid(efa45043feb7e4147a305b73b5cea642) Importer(815301076,1909f56bfc062723c751e8b465ee728b)  -> (artifact id: 'a30849f3614aa581408f07493d530746') in 0.298718 seconds 
  Import took 0.306915 seconds .

========================================================================
Received Prepare
Registering precompiled user dll's ...
Registered in 0.004842 seconds.
Begin MonoManager ReloadAssembly
Native extension for OSXStandalone target not found
Refreshing native plugins compatible for Editor in 0.74 ms, found 2 plugins.
Preloading 0 native plugins for Editor in 0.00 ms.
Mono: successfully reloaded assembly
- Completed reload, in  1.974 seconds
Platform modules already initialized, skipping
Shader 'Universal Render Pipeline/Particles/Lit': fallback shader 'Universal Render Pipeline/Particles/SimpleLit' not found
Refreshing native plugins compatible for Editor in 0.86 ms, found 2 plugins.
Preloading 0 native plugins for Editor in 0.00 ms.
Unloading 3234 Unused Serialized files (Serialized files now loaded: 0)
System memory in use before: 247.3 MB.
System memory in use after: 247.6 MB.

Unloading 165 unused Assets to reduce memory usage. Loaded Objects now: 3996.
Total: 3.487967 ms (FindLiveObjects: 0.548043 ms CreateObjectMapping: 0.204382 ms MarkObjects: 2.650153 ms  DeleteObjects: 0.082880 ms)

AssetImportParameters requested are different than current active one (requested -> active):
  custom:video-decoder-ogg-theora: a1e56fd34408186e4bbccfd4996cb3dc -> 
  custom:container-muxer-webm: aa71ff27fc2769a1b78a27578f13a17b -> 
  custom:container-demuxer-webm: 4f35f7cbe854078d1ac9338744f61a02 -> 
  custom:container-demuxer-ogg: 62fdf1f143b41e24485cea50d1cbac27 -> 
  custom:video-encoder-webm-vp8: eb34c28f22e8b96e1ab97ce403110664 -> 
  custom:framework-osx-AVFoundation: b23960f63f64bdc6ff669e2cdcee2391 -> 
  custom:video-decoder-webm-vp8: 9c59270c3fd7afecdb556c50c9e8de78 -> 
  custom:audio-decoder-ogg-vorbis: bf7c407c2cedff20999df2af8eb42d56 -> 
  custom:audio-encoder-webm-vorbis: bf7c407c2cedff20999df2af8eb42d56 -> 
========================================================================
Received Prepare
Registering precompiled user dll's ...
Registered in 0.003602 seconds.
Begin MonoManager ReloadAssembly
Native extension for OSXStandalone target not found
Refreshing native plugins compatible for Editor in 0.76 ms, found 2 plugins.
Preloading 0 native plugins for Editor in 0.00 ms.
Mono: successfully reloaded assembly
- Completed reload, in  1.810 seconds
Platform modules already initialized, skipping
Shader 'Universal Render Pipeline/Particles/Lit': fallback shader 'Universal Render Pipeline/Particles/SimpleLit' not found
Refreshing native plugins compatible for Editor in 0.75 ms, found 2 plugins.
Preloading 0 native plugins for Editor in 0.00 ms.
Unloading 3235 Unused Serialized files (Serialized files now loaded: 0)
System memory in use before: 246.3 MB.
System memory in use after: 246.6 MB.

Unloading 18 unused Assets to reduce memory usage. Loaded Objects now: 4000.
Total: 3.469673 ms (FindLiveObjects: 0.376859 ms CreateObjectMapping: 0.171613 ms MarkObjects: 2.895631 ms  DeleteObjects: 0.023948 ms)

AssetImportParameters requested are different than current active one (requested -> active):
  custom:video-decoder-ogg-theora: a1e56fd34408186e4bbccfd4996cb3dc -> 
  custom:container-muxer-webm: aa71ff27fc2769a1b78a27578f13a17b -> 
  custom:container-demuxer-webm: 4f35f7cbe854078d1ac9338744f61a02 -> 
  custom:container-demuxer-ogg: 62fdf1f143b41e24485cea50d1cbac27 -> 
  custom:video-encoder-webm-vp8: eb34c28f22e8b96e1ab97ce403110664 -> 
  custom:framework-osx-AVFoundation: b23960f63f64bdc6ff669e2cdcee2391 -> 
  custom:video-decoder-webm-vp8: 9c59270c3fd7afecdb556c50c9e8de78 -> 
  custom:audio-decoder-ogg-vorbis: bf7c407c2cedff20999df2af8eb42d56 -> 
  custom:audio-encoder-webm-vorbis: bf7c407c2cedff20999df2af8eb42d56 -> 
========================================================================
Received Prepare
Registering precompiled user dll's ...
Registered in 0.005303 seconds.
Begin MonoManager ReloadAssembly
Native extension for OSXStandalone target not found
Refreshing native plugins compatible for Editor in 0.73 ms, found 2 plugins.
Preloading 0 native plugins for Editor in 0.00 ms.
Mono: successfully reloaded assembly
- Completed reload, in  1.950 seconds
Platform modules already initialized, skipping
Shader 'Universal Render Pipeline/Particles/Lit': fallback shader 'Universal Render Pipeline/Particles/SimpleLit' not found
Refreshing native plugins compatible for Editor in 0.78 ms, found 2 plugins.
Preloading 0 native plugins for Editor in 0.00 ms.
Unloading 3245 Unused Serialized files (Serialized files now loaded: 0)
System memory in use before: 247.1 MB.
System memory in use after: 247.3 MB.

Unloading 18 unused Assets to reduce memory usage. Loaded Objects now: 4013.
Total: 3.194691 ms (FindLiveObjects: 0.390404 ms CreateObjectMapping: 0.165760 ms MarkObjects: 2.609720 ms  DeleteObjects: 0.026281 ms)

AssetImportParameters requested are different than current active one (requested -> active):
  custom:video-decoder-ogg-theora: a1e56fd34408186e4bbccfd4996cb3dc -> 
  custom:container-muxer-webm: aa71ff27fc2769a1b78a27578f13a17b -> 
  custom:container-demuxer-webm: 4f35f7cbe854078d1ac9338744f61a02 -> 
  custom:container-demuxer-ogg: 62fdf1f143b41e24485cea50d1cbac27 -> 
  custom:video-encoder-webm-vp8: eb34c28f22e8b96e1ab97ce403110664 -> 
  custom:framework-osx-AVFoundation: b23960f63f64bdc6ff669e2cdcee2391 -> 
  custom:video-decoder-webm-vp8: 9c59270c3fd7afecdb556c50c9e8de78 -> 
  custom:audio-decoder-ogg-vorbis: bf7c407c2cedff20999df2af8eb42d56 -> 
  custom:audio-encoder-webm-vorbis: bf7c407c2cedff20999df2af8eb42d56 -> 
========================================================================
Received Prepare
Registering precompiled user dll's ...
Registered in 0.012301 seconds.
Begin MonoManager ReloadAssembly
Native extension for OSXStandalone target not found
Refreshing native plugins compatible for Editor in 1.40 ms, found 2 plugins.
Preloading 0 native plugins for Editor in 0.00 ms.
Mono: successfully reloaded assembly
- Completed reload, in  3.490 seconds
Platform modules already initialized, skipping
Shader 'Universal Render Pipeline/Particles/Lit': fallback shader 'Universal Render Pipeline/Particles/SimpleLit' not found
Refreshing native plugins compatible for Editor in 1.43 ms, found 2 plugins.
Preloading 0 native plugins for Editor in 0.00 ms.
Unloading 3245 Unused Serialized files (Serialized files now loaded: 0)
System memory in use before: 247.3 MB.
System memory in use after: 247.6 MB.

Unloading 18 unused Assets to reduce memory usage. Loaded Objects now: 4016.
Total: 6.581842 ms (FindLiveObjects: 0.861490 ms CreateObjectMapping: 0.359221 ms MarkObjects: 5.305560 ms  DeleteObjects: 0.053024 ms)

AssetImportParameters requested are different than current active one (requested -> active):
  custom:video-decoder-ogg-theora: a1e56fd34408186e4bbccfd4996cb3dc -> 
  custom:container-muxer-webm: aa71ff27fc2769a1b78a27578f13a17b -> 
  custom:container-demuxer-webm: 4f35f7cbe854078d1ac9338744f61a02 -> 
  custom:container-demuxer-ogg: 62fdf1f143b41e24485cea50d1cbac27 -> 
  custom:video-encoder-webm-vp8: eb34c28f22e8b96e1ab97ce403110664 -> 
  custom:framework-osx-AVFoundation: b23960f63f64bdc6ff669e2cdcee2391 -> 
  custom:video-decoder-webm-vp8: 9c59270c3fd7afecdb556c50c9e8de78 -> 
  custom:audio-decoder-ogg-vorbis: bf7c407c2cedff20999df2af8eb42d56 -> 
  custom:audio-encoder-webm-vorbis: bf7c407c2cedff20999df2af8eb42d56 -> 
========================================================================
Received Prepare
Registering precompiled user dll's ...
Registered in 0.003599 seconds.
Begin MonoManager ReloadAssembly
Native extension for OSXStandalone target not found
Refreshing native plugins compatible for Editor in 0.74 ms, found 2 plugins.
Preloading 0 native plugins for Editor in 0.00 ms.
Mono: successfully reloaded assembly
- Completed reload, in  1.824 seconds
Platform modules already initialized, skipping
Shader 'Universal Render Pipeline/Particles/Lit': fallback shader 'Universal Render Pipeline/Particles/SimpleLit' not found
Refreshing native plugins compatible for Editor in 1.76 ms, found 2 plugins.
Preloading 0 native plugins for Editor in 0.00 ms.
Unloading 3246 Unused Serialized files (Serialized files now loaded: 0)
System memory in use before: 247.5 MB.
System memory in use after: 247.7 MB.

Unloading 18 unused Assets to reduce memory usage. Loaded Objects now: 4020.
Total: 3.348125 ms (FindLiveObjects: 0.409677 ms CreateObjectMapping: 0.159593 ms MarkObjects: 2.747630 ms  DeleteObjects: 0.029573 ms)

AssetImportParameters requested are different than current active one (requested -> active):
  custom:video-decoder-ogg-theora: a1e56fd34408186e4bbccfd4996cb3dc -> 
  custom:container-muxer-webm: aa71ff27fc2769a1b78a27578f13a17b -> 
  custom:container-demuxer-webm: 4f35f7cbe854078d1ac9338744f61a02 -> 
  custom:container-demuxer-ogg: 62fdf1f143b41e24485cea50d1cbac27 -> 
  custom:video-encoder-webm-vp8: eb34c28f22e8b96e1ab97ce403110664 -> 
  custom:framework-osx-AVFoundation: b23960f63f64bdc6ff669e2cdcee2391 -> 
  custom:video-decoder-webm-vp8: 9c59270c3fd7afecdb556c50c9e8de78 -> 
  custom:audio-decoder-ogg-vorbis: bf7c407c2cedff20999df2af8eb42d56 -> 
  custom:audio-encoder-webm-vorbis: bf7c407c2cedff20999df2af8eb42d56 -> 
========================================================================
Received Prepare
Registering precompiled user dll's ...
Registered in 0.003423 seconds.
Begin MonoManager ReloadAssembly
Native extension for OSXStandalone target not found
Refreshing native plugins compatible for Editor in 0.74 ms, found 2 plugins.
Preloading 0 native plugins for Editor in 0.00 ms.
Mono: successfully reloaded assembly
- Completed reload, in  1.821 seconds
Platform modules already initialized, skipping
Shader 'Universal Render Pipeline/Particles/Lit': fallback shader 'Universal Render Pipeline/Particles/SimpleLit' not found
Refreshing native plugins compatible for Editor in 0.82 ms, found 2 plugins.
Preloading 0 native plugins for Editor in 0.00 ms.
Unloading 3214 Unused Serialized files (Serialized files now loaded: 0)
System memory in use before: 246.8 MB.
System memory in use after: 247.0 MB.

Unloading 18 unused Assets to reduce memory usage. Loaded Objects now: 4023.
Total: 5.583700 ms (FindLiveObjects: 0.873992 ms CreateObjectMapping: 0.576168 ms MarkObjects: 4.067805 ms  DeleteObjects: 0.063949 ms)

AssetImportParameters requested are different than current active one (requested -> active):
  custom:video-decoder-ogg-theora: a1e56fd34408186e4bbccfd4996cb3dc -> 
  custom:container-muxer-webm: aa71ff27fc2769a1b78a27578f13a17b -> 
  custom:container-demuxer-webm: 4f35f7cbe854078d1ac9338744f61a02 -> 
  custom:container-demuxer-ogg: 62fdf1f143b41e24485cea50d1cbac27 -> 
  custom:video-encoder-webm-vp8: eb34c28f22e8b96e1ab97ce403110664 -> 
  custom:framework-osx-AVFoundation: b23960f63f64bdc6ff669e2cdcee2391 -> 
  custom:video-decoder-webm-vp8: 9c59270c3fd7afecdb556c50c9e8de78 -> 
  custom:audio-decoder-ogg-vorbis: bf7c407c2cedff20999df2af8eb42d56 -> 
  custom:audio-encoder-webm-vorbis: bf7c407c2cedff20999df2af8eb42d56 -> 
========================================================================
Received Import Request.
  Time since last request: 478.283916 seconds.
  path: Assets/AstarPathfindingProject/Pathfinders
  artifactKey: Guid(2caf94b6898a7ea4eb931256716d84b2) Importer(815301076,1909f56bfc062723c751e8b465ee728b)
Start importing Assets/AstarPathfindingProject/Pathfinders using Guid(2caf94b6898a7ea4eb931256716d84b2) Importer(815301076,1909f56bfc062723c751e8b465ee728b)  -> (artifact id: '79764e6b80c1c0bb9728dd6039740d62') in 0.007237 seconds 
  Import took 0.015923 seconds .

========================================================================
Received Import Request.
  Time since last request: 0.007505 seconds.
  path: Assets/AstarPathfindingProject/Pathfinders
  artifactKey: Guid(2caf94b6898a7ea4eb931256716d84b2) Importer(815301076,1909f56bfc062723c751e8b465ee728b)
Start importing Assets/AstarPathfindingProject/Pathfinders using Guid(2caf94b6898a7ea4eb931256716d84b2) Importer(815301076,1909f56bfc062723c751e8b465ee728b)  -> (artifact id: '79764e6b80c1c0bb9728dd6039740d62') in 0.001830 seconds 
  Import took 0.013702 seconds .

========================================================================
Received Import Request.
  Time since last request: 11.342907 seconds.
  path: Assets/Samples
  artifactKey: Guid(0c7c545333e443a45bb35c926c089802) Importer(815301076,1909f56bfc062723c751e8b465ee728b)
Start importing Assets/Samples using Guid(0c7c545333e443a45bb35c926c089802) Importer(815301076,1909f56bfc062723c751e8b465ee728b)  -> (artifact id: 'df436972c42ce66839283e305bc5c249') in 0.003168 seconds 
  Import took 0.017761 seconds .

========================================================================
Received Import Request.
  Time since last request: 2.367682 seconds.
  path: Assets/Prefabs
  artifactKey: Guid(8a5bf35cdb486a04bad722844dead4d5) Importer(815301076,1909f56bfc062723c751e8b465ee728b)
Start importing Assets/Prefabs using Guid(8a5bf35cdb486a04bad722844dead4d5) Importer(815301076,1909f56bfc062723c751e8b465ee728b)  -> (artifact id: '67d061ba43d4e694632e676b82b34cfc') in 0.002921 seconds 
  Import took 0.018735 seconds .

========================================================================
Received Import Request.
  Time since last request: 6.498117 seconds.
  path: Assets/Editor
  artifactKey: Guid(e9ceee1865cf578448643e2a390d10f0) Importer(815301076,1909f56bfc062723c751e8b465ee728b)
Start importing Assets/Editor using Guid(e9ceee1865cf578448643e2a390d10f0) Importer(815301076,1909f56bfc062723c751e8b465ee728b)  -> (artifact id: '700a257d33e60701c14dcecfa1f033b2') in 0.003612 seconds 
  Import took 0.016624 seconds .

========================================================================
Received Import Request.
  Time since last request: 0.594637 seconds.
  path: Assets/CityVoxelPack
  artifactKey: Guid(fb1a8c2bec8e1e643bc04d2a218e80e0) Importer(815301076,1909f56bfc062723c751e8b465ee728b)
Start importing Assets/CityVoxelPack using Guid(fb1a8c2bec8e1e643bc04d2a218e80e0) Importer(815301076,1909f56bfc062723c751e8b465ee728b)  -> (artifact id: 'c46155bce5f0f29935aea15f7869c50b') in 0.002610 seconds 
  Import took 0.017493 seconds .

========================================================================
Received Import Request.
  Time since last request: 1.896729 seconds.
  path: Assets/CityVoxelPack/Assets
  artifactKey: Guid(9257627ae19bfb04395c68c2e6c804ef) Importer(815301076,1909f56bfc062723c751e8b465ee728b)
Start importing Assets/CityVoxelPack/Assets using Guid(9257627ae19bfb04395c68c2e6c804ef) Importer(815301076,1909f56bfc062723c751e8b465ee728b)  -> (artifact id: '7dadbf4eca5fe32425e6537b3451fc9e') in 0.001789 seconds 
  Import took 0.015527 seconds .

========================================================================
Received Import Request.
  Time since last request: 8.010771 seconds.
  path: Assets/_TerrainAutoUpgrade
  artifactKey: Guid(91ddddd200b065e4289e2650e16028c5) Importer(815301076,1909f56bfc062723c751e8b465ee728b)
Start importing Assets/_TerrainAutoUpgrade using Guid(91ddddd200b065e4289e2650e16028c5) Importer(815301076,1909f56bfc062723c751e8b465ee728b)  -> (artifact id: 'd5b1579022e2f117110a6919d7eceb58') in 0.002282 seconds 
  Import took 0.017350 seconds .

========================================================================
Received Import Request.
  Time since last request: 9.900192 seconds.
  path: Assets/Textures
  artifactKey: Guid(30c20c7c261d6f840a884690fe220a36) Importer(815301076,1909f56bfc062723c751e8b465ee728b)
Start importing Assets/Textures using Guid(30c20c7c261d6f840a884690fe220a36) Importer(815301076,1909f56bfc062723c751e8b465ee728b)  -> (artifact id: 'edce19abc1fb577362a56502f855f6f2') in 0.003581 seconds 
  Import took 0.017430 seconds .

========================================================================
Received Import Request.
  Time since last request: 6.898632 seconds.
  path: Assets/Sounds
  artifactKey: Guid(db3e5d704aa36476c821946b696bf5cf) Importer(815301076,1909f56bfc062723c751e8b465ee728b)
Start importing Assets/Sounds using Guid(db3e5d704aa36476c821946b696bf5cf) Importer(815301076,1909f56bfc062723c751e8b465ee728b)  -> (artifact id: 'b15693943731e86d354630c491ca7c26') in 0.006603 seconds 
  Import took 0.021957 seconds .

========================================================================
Received Import Request.
  Time since last request: 9.366750 seconds.
  path: Assets/Fonts
  artifactKey: Guid(9f5217ec5fc192f44ae9c231b0618345) Importer(815301076,1909f56bfc062723c751e8b465ee728b)
Start importing Assets/Fonts using Guid(9f5217ec5fc192f44ae9c231b0618345) Importer(815301076,1909f56bfc062723c751e8b465ee728b)  -> (artifact id: '6130092198710c397344c2e302827e30') in 0.002363 seconds 
  Import took 0.016615 seconds .

========================================================================
Received Import Request.
  Time since last request: 10.957793 seconds.
  path: Assets/Scenes
  artifactKey: Guid(ac9014549081ced48baaf809af7c4792) Importer(815301076,1909f56bfc062723c751e8b465ee728b)
Start importing Assets/Scenes using Guid(ac9014549081ced48baaf809af7c4792) Importer(815301076,1909f56bfc062723c751e8b465ee728b)  -> (artifact id: '670b4d3d5a183db8d8dd1ce4430cc01a') in 0.002899 seconds 
  Import took 0.016711 seconds .

========================================================================
Received Import Request.
  Time since last request: 2.245491 seconds.
  path: Assets/Scenes/Levels
  artifactKey: Guid(545821ddfbfcf074ba7d17dd8da79c02) Importer(815301076,1909f56bfc062723c751e8b465ee728b)
Start importing Assets/Scenes/Levels using Guid(545821ddfbfcf074ba7d17dd8da79c02) Importer(815301076,1909f56bfc062723c751e8b465ee728b)  -> (artifact id: '6a666936730ced64762efe19678716c5') in 0.002898 seconds 
  Import took 0.016382 seconds .

========================================================================
Received Import Request.
  Time since last request: 9.848347 seconds.
  path: Assets/Scenes/MainGame.unity
  artifactKey: Guid(2d944e0a7cd882248bb24a0f286890da) Importer(815301076,1909f56bfc062723c751e8b465ee728b)
Start importing Assets/Scenes/MainGame.unity using Guid(2d944e0a7cd882248bb24a0f286890da) Importer(815301076,1909f56bfc062723c751e8b465ee728b)  -> (artifact id: '2f2fa30846c299ab44cfeacd5785eb23') in 0.018373 seconds 
  Import took 0.030449 seconds .

========================================================================
Received Import Request.
  Time since last request: 0.000691 seconds.
  path: Assets/Scenes/MainGame.unity
  artifactKey: Guid(2d944e0a7cd882248bb24a0f286890da) Importer(815301076,1909f56bfc062723c751e8b465ee728b)
Start importing Assets/Scenes/MainGame.unity using Guid(2d944e0a7cd882248bb24a0f286890da) Importer(815301076,1909f56bfc062723c751e8b465ee728b)  -> (artifact id: '2f2fa30846c299ab44cfeacd5785eb23') in 0.002153 seconds 
  Import took 0.016212 seconds .

========================================================================
Received Prepare
Registering precompiled user dll's ...
Registered in 0.003424 seconds.
Begin MonoManager ReloadAssembly
Native extension for OSXStandalone target not found
Refreshing native plugins compatible for Editor in 0.72 ms, found 2 plugins.
Preloading 0 native plugins for Editor in 0.00 ms.
Mono: successfully reloaded assembly
- Completed reload, in  2.413 seconds
Platform modules already initialized, skipping
Shader 'Universal Render Pipeline/Particles/Lit': fallback shader 'Universal Render Pipeline/Particles/SimpleLit' not found
Refreshing native plugins compatible for Editor in 0.78 ms, found 2 plugins.
Preloading 0 native plugins for Editor in 0.00 ms.
Unloading 3214 Unused Serialized files (Serialized files now loaded: 0)
System memory in use before: 246.7 MB.
System memory in use after: 246.9 MB.

Unloading 18 unused Assets to reduce memory usage. Loaded Objects now: 4026.
Total: 5.266557 ms (FindLiveObjects: 0.856280 ms CreateObjectMapping: 0.897533 ms MarkObjects: 3.485171 ms  DeleteObjects: 0.026190 ms)

AssetImportParameters requested are different than current active one (requested -> active):
  custom:video-decoder-ogg-theora: a1e56fd34408186e4bbccfd4996cb3dc -> 
  custom:container-muxer-webm: aa71ff27fc2769a1b78a27578f13a17b -> 
  custom:container-demuxer-webm: 4f35f7cbe854078d1ac9338744f61a02 -> 
  custom:container-demuxer-ogg: 62fdf1f143b41e24485cea50d1cbac27 -> 
  custom:video-encoder-webm-vp8: eb34c28f22e8b96e1ab97ce403110664 -> 
  custom:framework-osx-AVFoundation: b23960f63f64bdc6ff669e2cdcee2391 -> 
  custom:video-decoder-webm-vp8: 9c59270c3fd7afecdb556c50c9e8de78 -> 
  custom:audio-decoder-ogg-vorbis: bf7c407c2cedff20999df2af8eb42d56 -> 
  custom:audio-encoder-webm-vorbis: bf7c407c2cedff20999df2af8eb42d56 -> 
========================================================================
Received Prepare
Registering precompiled user dll's ...
Registered in 0.008851 seconds.
Begin MonoManager ReloadAssembly
Native extension for OSXStandalone target not found
Refreshing native plugins compatible for Editor in 0.72 ms, found 2 plugins.
Preloading 0 native plugins for Editor in 0.00 ms.
Mono: successfully reloaded assembly
- Completed reload, in  1.850 seconds
Platform modules already initialized, skipping
Shader 'Universal Render Pipeline/Particles/Lit': fallback shader 'Universal Render Pipeline/Particles/SimpleLit' not found
Refreshing native plugins compatible for Editor in 1.32 ms, found 2 plugins.
Preloading 0 native plugins for Editor in 0.00 ms.
Unloading 3214 Unused Serialized files (Serialized files now loaded: 0)
System memory in use before: 246.9 MB.
System memory in use after: 247.2 MB.

Unloading 18 unused Assets to reduce memory usage. Loaded Objects now: 4029.
Total: 6.422065 ms (FindLiveObjects: 0.879315 ms CreateObjectMapping: 0.414115 ms MarkObjects: 5.088474 ms  DeleteObjects: 0.037378 ms)

AssetImportParameters requested are different than current active one (requested -> active):
  custom:video-decoder-ogg-theora: a1e56fd34408186e4bbccfd4996cb3dc -> 
  custom:container-muxer-webm: aa71ff27fc2769a1b78a27578f13a17b -> 
  custom:container-demuxer-webm: 4f35f7cbe854078d1ac9338744f61a02 -> 
  custom:container-demuxer-ogg: 62fdf1f143b41e24485cea50d1cbac27 -> 
  custom:video-encoder-webm-vp8: eb34c28f22e8b96e1ab97ce403110664 -> 
  custom:framework-osx-AVFoundation: b23960f63f64bdc6ff669e2cdcee2391 -> 
  custom:video-decoder-webm-vp8: 9c59270c3fd7afecdb556c50c9e8de78 -> 
  custom:audio-decoder-ogg-vorbis: bf7c407c2cedff20999df2af8eb42d56 -> 
  custom:audio-encoder-webm-vorbis: bf7c407c2cedff20999df2af8eb42d56 -> 
========================================================================
Received Import Request.
  Time since last request: 203.438635 seconds.
  path: Assets/Scenes/MainGame
  artifactKey: Guid(493472b6f6295954eac0a5a86419015d) Importer(815301076,1909f56bfc062723c751e8b465ee728b)
Start importing Assets/Scenes/MainGame using Guid(493472b6f6295954eac0a5a86419015d) Importer(815301076,1909f56bfc062723c751e8b465ee728b)  -> (artifact id: '1de210f5acd4d8ebdd7debb02f2e8b25') in 0.010520 seconds 
  Import took 0.026543 seconds .

========================================================================
Received Prepare
Registering precompiled user dll's ...
Registered in 0.003396 seconds.
Begin MonoManager ReloadAssembly
Native extension for OSXStandalone target not found
Refreshing native plugins compatible for Editor in 0.77 ms, found 2 plugins.
Preloading 0 native plugins for Editor in 0.00 ms.
Mono: successfully reloaded assembly
- Completed reload, in  1.923 seconds
Platform modules already initialized, skipping
Shader 'Universal Render Pipeline/Particles/Lit': fallback shader 'Universal Render Pipeline/Particles/SimpleLit' not found
Refreshing native plugins compatible for Editor in 0.76 ms, found 2 plugins.
Preloading 0 native plugins for Editor in 0.00 ms.
Unloading 3227 Unused Serialized files (Serialized files now loaded: 0)
System memory in use before: 249.3 MB.
System memory in use after: 248.9 MB.

Unloading 31 unused Assets to reduce memory usage. Loaded Objects now: 4032.
Total: 4.640036 ms (FindLiveObjects: 0.564356 ms CreateObjectMapping: 0.339201 ms MarkObjects: 3.238986 ms  DeleteObjects: 0.496119 ms)

AssetImportParameters requested are different than current active one (requested -> active):
  custom:video-decoder-ogg-theora: a1e56fd34408186e4bbccfd4996cb3dc -> 
  custom:container-muxer-webm: aa71ff27fc2769a1b78a27578f13a17b -> 
  custom:container-demuxer-webm: 4f35f7cbe854078d1ac9338744f61a02 -> 
  custom:container-demuxer-ogg: 62fdf1f143b41e24485cea50d1cbac27 -> 
  custom:video-encoder-webm-vp8: eb34c28f22e8b96e1ab97ce403110664 -> 
  custom:framework-osx-AVFoundation: b23960f63f64bdc6ff669e2cdcee2391 -> 
  custom:video-decoder-webm-vp8: 9c59270c3fd7afecdb556c50c9e8de78 -> 
  custom:audio-decoder-ogg-vorbis: bf7c407c2cedff20999df2af8eb42d56 -> 
  custom:audio-encoder-webm-vorbis: bf7c407c2cedff20999df2af8eb42d56 -> 
